<?xml version="1.0" encoding="UTF-8"?>
<testng-results skipped="0" failed="0" total="2" passed="2">
  <reporter-output>
  </reporter-output>
  <suite name="Suite" duration-ms="155" started-at="2015-08-22T09:50:19Z" finished-at="2015-08-22T09:50:19Z">
    <groups>
    </groups>
    <test name="Aem_Test" duration-ms="155" started-at="2015-08-22T09:50:19Z" finished-at="2015-08-22T09:50:19Z">
      <class name="com.aem.testcases.TestCase">
        <test-method status="PASS" signature="beforeMethod()[pri:0, instance:com.aem.testcases.TestCase@75610154]" name="beforeMethod" is-config="true" duration-ms="22" started-at="2015-08-22T15:20:19Z" finished-at="2015-08-22T15:20:19Z">
          <reporter-output>
          </reporter-output>
        </test-method> <!-- beforeMethod -->
        <test-method status="PASS" signature="f(java.lang.Integer, java.lang.String)[pri:0, instance:com.aem.testcases.TestCase@75610154]" name="f" duration-ms="42" started-at="2015-08-22T15:20:19Z" data-provider="dp" finished-at="2015-08-22T15:20:19Z">
          <params>
            <param index="0">
              <value>
                <![CDATA[1]]>
              </value>
            </param>
            <param index="1">
              <value>
                <![CDATA[a]]>
              </value>
            </param>
          </params>
          <reporter-output>
          </reporter-output>
        </test-method> <!-- f -->
        <test-method status="PASS" signature="afterMethod()[pri:0, instance:com.aem.testcases.TestCase@75610154]" name="afterMethod" is-config="true" duration-ms="1" started-at="2015-08-22T15:20:19Z" finished-at="2015-08-22T15:20:19Z">
          <reporter-output>
          </reporter-output>
        </test-method> <!-- afterMethod -->
        <test-method status="PASS" signature="beforeMethod()[pri:0, instance:com.aem.testcases.TestCase@75610154]" name="beforeMethod" is-config="true" duration-ms="1" started-at="2015-08-22T15:20:19Z" finished-at="2015-08-22T15:20:19Z">
          <reporter-output>
          </reporter-output>
        </test-method> <!-- beforeMethod -->
        <test-method status="PASS" signature="f(java.lang.Integer, java.lang.String)[pri:0, instance:com.aem.testcases.TestCase@75610154]" name="f" duration-ms="2" started-at="2015-08-22T15:20:19Z" data-provider="dp" finished-at="2015-08-22T15:20:19Z">
          <params>
            <param index="0">
              <value>
                <![CDATA[2]]>
              </value>
            </param>
            <param index="1">
              <value>
                <![CDATA[b]]>
              </value>
            </param>
          </params>
          <reporter-output>
          </reporter-output>
        </test-method> <!-- f -->
        <test-method status="PASS" signature="afterMethod()[pri:0, instance:com.aem.testcases.TestCase@75610154]" name="afterMethod" is-config="true" duration-ms="3" started-at="2015-08-22T15:20:19Z" finished-at="2015-08-22T15:20:19Z">
          <reporter-output>
          </reporter-output>
        </test-method> <!-- afterMethod -->
      </class> <!-- com.aem.testcases.TestCase -->
    </test> <!-- Aem_Test -->
  </suite> <!-- Suite -->
</testng-results>
